INFO  06-20 11:07:14,935 Root WebApplicationContext: initialization started  (ContextLoader.java:305) 
INFO  06-20 11:07:15,044 Refreshing Root WebApplicationContext: startup date [Sat Jun 20 11:07:15 CST 2020]; root of context hierarchy  (AbstractApplicationContext.java:581) 
INFO  06-20 11:07:15,106 Loading XML bean definitions from class path resource [spring-mybatis.xml]  (XmlBeanDefinitionReader.java:317) 
INFO  06-20 11:07:16,334 Root WebApplicationContext: initialization completed in 1396 ms  (ContextLoader.java:345) 
INFO  06-20 11:07:17,218 FrameworkServlet 'springMvc': initialization started  (FrameworkServlet.java:489) 
INFO  06-20 11:07:17,226 Refreshing WebApplicationContext for namespace 'springMvc-servlet': startup date [Sat Jun 20 11:07:17 CST 2020]; parent: Root WebApplicationContext  (AbstractApplicationContext.java:581) 
INFO  06-20 11:07:17,227 Loading XML bean definitions from ServletContext resource [/WEB-INF/springMvc-servlet.xml]  (XmlBeanDefinitionReader.java:317) 
INFO  06-20 11:07:17,936 Mapped "{[/BusinessController/update_receive/{userId}],methods=[POST]}" onto public void com.controller.BusinessController.update_receive(int,int[],javax.servlet.http.HttpServletResponse)  (AbstractHandlerMethodMapping.java:537) 
INFO  06-20 11:07:17,937 Mapped "{[/BusinessController/update_refuse/{userId}],methods=[POST]}" onto public void com.controller.BusinessController.update_refuse(int,javax.servlet.http.HttpServletResponse)  (AbstractHandlerMethodMapping.java:537) 
INFO  06-20 11:07:17,937 Mapped "{[/BusinessController/findByIdPlus]}" onto public java.lang.String com.controller.BusinessController.findByIdPlus(org.springframework.ui.Model,javax.servlet.http.HttpSession)  (AbstractHandlerMethodMapping.java:537) 
INFO  06-20 11:07:17,938 Mapped "{[/CaptchaController/outputCaptcha]}" onto public void com.controller.CaptchaController.outputCaptcha(javax.servlet.http.HttpServletResponse,java.lang.String,java.lang.String) throws java.io.IOException  (AbstractHandlerMethodMapping.java:537) 
INFO  06-20 11:07:17,940 Mapped "{[/CartController/reduce/{dishId}]}" onto public void com.controller.CartController.reduce(int,javax.servlet.http.HttpSession)  (AbstractHandlerMethodMapping.java:537) 
INFO  06-20 11:07:17,940 Mapped "{[/CartController/increase/{dishId}]}" onto public void com.controller.CartController.increase(int,javax.servlet.http.HttpSession)  (AbstractHandlerMethodMapping.java:537) 
INFO  06-20 11:07:17,940 Mapped "{[/CartController/findByIdPlus]}" onto public java.lang.String com.controller.CartController.findfindByIdPlusById(org.springframework.ui.Model,javax.servlet.http.HttpSession)  (AbstractHandlerMethodMapping.java:537) 
INFO  06-20 11:07:17,947 Mapped "{[/MenuController/add]}" onto public java.lang.String com.controller.MenuController.add(org.springframework.ui.Model,javax.servlet.http.HttpSession)  (AbstractHandlerMethodMapping.java:537) 
INFO  06-20 11:07:17,948 Mapped "{[/MenuController/update/{id}]}" onto public java.lang.String com.controller.MenuController.update(int,org.springframework.ui.Model,javax.servlet.http.HttpSession)  (AbstractHandlerMethodMapping.java:537) 
INFO  06-20 11:07:17,948 Mapped "{[/MenuController/findAll]}" onto public java.lang.String com.controller.MenuController.findAll(org.springframework.ui.Model,javax.servlet.http.HttpSession)  (AbstractHandlerMethodMapping.java:537) 
INFO  06-20 11:07:17,948 Mapped "{[/MenuController/doUpdate]}" onto public void com.controller.MenuController.doUpdate(com.model.MenuModel,javax.servlet.http.HttpServletResponse)  (AbstractHandlerMethodMapping.java:537) 
INFO  06-20 11:07:17,948 Mapped "{[/MenuController/findSoup_Manager]}" onto public java.lang.String com.controller.MenuController.findSoup_Manager(org.springframework.ui.Model,javax.servlet.http.HttpSession)  (AbstractHandlerMethodMapping.java:537) 
INFO  06-20 11:07:17,948 Mapped "{[/MenuController/findAll_Manager]}" onto public java.lang.String com.controller.MenuController.findAll_Manager(org.springframework.ui.Model,javax.servlet.http.HttpSession)  (AbstractHandlerMethodMapping.java:537) 
INFO  06-20 11:07:17,949 Mapped "{[/MenuController/findFood_Manager]}" onto public java.lang.String com.controller.MenuController.findFood_Manager(org.springframework.ui.Model,javax.servlet.http.HttpSession)  (AbstractHandlerMethodMapping.java:537) 
INFO  06-20 11:07:17,949 Mapped "{[/MenuController/doAdd],methods=[POST]}" onto public java.lang.String com.controller.MenuController.doAdd(org.springframework.ui.Model,com.model.MenuModel,org.springframework.web.multipart.MultipartFile,javax.servlet.http.HttpServletRequest,javax.servlet.http.HttpServletResponse)  (AbstractHandlerMethodMapping.java:537) 
INFO  06-20 11:07:17,949 Mapped "{[/MenuController/menuManage]}" onto public java.lang.String com.controller.MenuController.menuManage(org.springframework.ui.Model,javax.servlet.http.HttpSession)  (AbstractHandlerMethodMapping.java:537) 
INFO  06-20 11:07:17,949 Mapped "{[/MenuController/del/{id}]}" onto public void com.controller.MenuController.del(int,javax.servlet.http.HttpServletResponse)  (AbstractHandlerMethodMapping.java:537) 
INFO  06-20 11:07:17,949 Mapped "{[/MenuController/findDrink]}" onto public java.lang.String com.controller.MenuController.findDrink(org.springframework.ui.Model,javax.servlet.http.HttpSession)  (AbstractHandlerMethodMapping.java:537) 
INFO  06-20 11:07:17,950 Mapped "{[/MenuController/findFood]}" onto public java.lang.String com.controller.MenuController.findFood(org.springframework.ui.Model,javax.servlet.http.HttpSession)  (AbstractHandlerMethodMapping.java:537) 
INFO  06-20 11:07:17,950 Mapped "{[/MenuController/findColdDishes]}" onto public java.lang.String com.controller.MenuController.findColdDishes(org.springframework.ui.Model,javax.servlet.http.HttpSession)  (AbstractHandlerMethodMapping.java:537) 
INFO  06-20 11:07:17,950 Mapped "{[/MenuController/findSoup]}" onto public java.lang.String com.controller.MenuController.findSoup(org.springframework.ui.Model,javax.servlet.http.HttpSession)  (AbstractHandlerMethodMapping.java:537) 
INFO  06-20 11:07:17,950 Mapped "{[/MenuController/findHotDishes]}" onto public java.lang.String com.controller.MenuController.findHotDishes(org.springframework.ui.Model,javax.servlet.http.HttpSession)  (AbstractHandlerMethodMapping.java:537) 
INFO  06-20 11:07:17,950 Mapped "{[/MenuController/findFruit]}" onto public java.lang.String com.controller.MenuController.findFruit(org.springframework.ui.Model,javax.servlet.http.HttpSession)  (AbstractHandlerMethodMapping.java:537) 
INFO  06-20 11:07:17,951 Mapped "{[/MenuController/findDrink_Manager]}" onto public java.lang.String com.controller.MenuController.findDrink_Manager(org.springframework.ui.Model,javax.servlet.http.HttpSession)  (AbstractHandlerMethodMapping.java:537) 
INFO  06-20 11:07:17,951 Mapped "{[/MenuController/findFruit_Manager]}" onto public java.lang.String com.controller.MenuController.findFruit_Manager(org.springframework.ui.Model,javax.servlet.http.HttpSession)  (AbstractHandlerMethodMapping.java:537) 
INFO  06-20 11:07:17,951 Mapped "{[/MenuController/findColdDishes_Manager]}" onto public java.lang.String com.controller.MenuController.findColdDishes_Manager(org.springframework.ui.Model,javax.servlet.http.HttpSession)  (AbstractHandlerMethodMapping.java:537) 
INFO  06-20 11:07:17,951 Mapped "{[/MenuController/findHotDishes_Manager]}" onto public java.lang.String com.controller.MenuController.findHotDishes_Manager(org.springframework.ui.Model,javax.servlet.http.HttpSession)  (AbstractHandlerMethodMapping.java:537) 
INFO  06-20 11:07:17,953 Mapped "{[/OrderController/add],methods=[POST]}" onto public void com.controller.OrderController.add(java.lang.String[],float[],int[],int[],com.model.BusinessModel,javax.servlet.http.HttpServletResponse)  (AbstractHandlerMethodMapping.java:537) 
INFO  06-20 11:07:17,953 Mapped "{[/OrderController/update],methods=[POST]}" onto public void com.controller.OrderController.update(int[],javax.servlet.http.HttpServletResponse,javax.servlet.http.HttpSession)  (AbstractHandlerMethodMapping.java:537) 
INFO  06-20 11:07:17,953 Mapped "{[/OrderController/findAll]}" onto public java.lang.String com.controller.OrderController.findByIdPlus(org.springframework.ui.Model,javax.servlet.http.HttpSession)  (AbstractHandlerMethodMapping.java:537) 
INFO  06-20 11:07:17,953 Mapped "{[/OrderController/findById/{id}]}" onto public java.lang.String com.controller.OrderController.findById(int,org.springframework.ui.Model,javax.servlet.http.HttpSession)  (AbstractHandlerMethodMapping.java:537) 
INFO  06-20 11:07:17,954 Mapped "{[/SetController/set]}" onto public java.lang.String com.controller.SetController.set(org.springframework.ui.Model,javax.servlet.http.HttpSession)  (AbstractHandlerMethodMapping.java:537) 
INFO  06-20 11:07:17,956 Mapped "{[/UserController/add]}" onto public java.lang.String com.controller.UserController.add(org.springframework.ui.Model)  (AbstractHandlerMethodMapping.java:537) 
INFO  06-20 11:07:17,956 Mapped "{[/UserController/remove]}" onto public java.lang.String com.controller.UserController.remove(javax.servlet.http.HttpSession)  (AbstractHandlerMethodMapping.java:537) 
INFO  06-20 11:07:17,956 Mapped "{[/UserController/update]}" onto public java.lang.String com.controller.UserController.update(org.springframework.ui.Model,javax.servlet.http.HttpSession)  (AbstractHandlerMethodMapping.java:537) 
INFO  06-20 11:07:17,957 Mapped "{[/UserController/login],methods=[POST]}" onto public void com.controller.UserController.login(java.lang.String,java.lang.String,javax.servlet.http.HttpSession,org.springframework.ui.Model,javax.servlet.http.HttpServletResponse)  (AbstractHandlerMethodMapping.java:537) 
INFO  06-20 11:07:17,957 Mapped "{[/UserController/doUpdate],methods=[POST]}" onto public void com.controller.UserController.doUpdate(com.model.UserModel,javax.servlet.http.HttpServletResponse,javax.servlet.http.HttpSession)  (AbstractHandlerMethodMapping.java:537) 
INFO  06-20 11:07:17,957 Mapped "{[/UserController/doAdd],methods=[POST]}" onto public void com.controller.UserController.doAdd(org.springframework.ui.Model,com.model.UserModel,javax.servlet.http.HttpServletResponse)  (AbstractHandlerMethodMapping.java:537) 
INFO  06-20 11:07:17,957 Mapped "{[/UserController/del]}" onto public java.lang.String com.controller.UserController.del(javax.servlet.http.HttpSession)  (AbstractHandlerMethodMapping.java:537) 
INFO  06-20 11:07:18,166 Looking for @ControllerAdvice: WebApplicationContext for namespace 'springMvc-servlet': startup date [Sat Jun 20 11:07:17 CST 2020]; parent: Root WebApplicationContext  (RequestMappingHandlerAdapter.java:534) 
INFO  06-20 11:07:18,232 Looking for @ControllerAdvice: WebApplicationContext for namespace 'springMvc-servlet': startup date [Sat Jun 20 11:07:17 CST 2020]; parent: Root WebApplicationContext  (RequestMappingHandlerAdapter.java:534) 
INFO  06-20 11:07:18,290 Mapped URL path [/img/**] onto handler 'org.springframework.web.servlet.resource.ResourceHttpRequestHandler#0'  (AbstractUrlHandlerMapping.java:341) 
INFO  06-20 11:07:18,293 Mapped URL path [/js/**] onto handler 'org.springframework.web.servlet.resource.ResourceHttpRequestHandler#1'  (AbstractUrlHandlerMapping.java:341) 
INFO  06-20 11:07:18,295 Mapped URL path [/css/**] onto handler 'org.springframework.web.servlet.resource.ResourceHttpRequestHandler#2'  (AbstractUrlHandlerMapping.java:341) 
INFO  06-20 11:07:18,421 FrameworkServlet 'springMvc': initialization completed in 1203 ms  (FrameworkServlet.java:508) 
